<?xml version="1.0" encoding="UTF-8"?>
<!-- Generated by org.testng.reporters.JUnitReportReporter -->
<testsuite hostname="DESKTOP-80O9E3M" failures="0" tests="5" name="testng.Demo2" time="0.012" errors="0" timestamp="2021-06-25T23:42:19 BST" skipped="0">
  <testcase classname="testng.Demo2" name="rest" time="0.007"/>
  <system-out>
    <![CDATA[execute rest method]]>
  </system-out>
  <testcase classname="testng.Demo2" name="test" time="0.001"/>
  <system-out>
    <![CDATA[execute test method]]>
  </system-out>
  <testcase classname="testng.Demo2" name="zest" time="0.002"/>
  <system-out>
    <![CDATA[execute zest method]]>
  </system-out>
  <testcase classname="testng.Demo2" name="best" time="0.001"/>
  <system-out>
    <![CDATA[execute best method]]>
  </system-out>
  <testcase classname="testng.Demo2" name="nest" time="0.001"/>
  <system-out>
    <![CDATA[Execute nest method]]>
  </system-out>
</testsuite> <!-- testng.Demo2 -->
