<?xml version="1.0" encoding="UTF-8"?>
<!-- Generated by org.testng.reporters.JUnitReportReporter -->
<testsuite hostname="DESKTOP-80O9E3M" failures="0" tests="10" name="testng.Demo3" time="0.014" errors="0" timestamp="2021-06-26T06:37:55 BST" skipped="0">
  <testcase classname="testng.Demo3" name="bust" time="0.001"/>
  <system-out>
    <![CDATA[execute bust method]]>
  </system-out>
  <testcase classname="testng.Demo3" name="bust" time="0.000"/>
  <system-out>
    <![CDATA[execute bust method]]>
  </system-out>
  <testcase classname="testng.Demo3" name="bust" time="0.007"/>
  <system-out>
    <![CDATA[execute bust method]]>
  </system-out>
  <testcase classname="testng.Demo3" name="must" time="0.002"/>
  <system-out>
    <![CDATA[execute must method]]>
  </system-out>
  <testcase classname="testng.Demo3" name="test" time="0.001"/>
  <system-out>
    <![CDATA[execute test method]]>
  </system-out>
  <testcase classname="testng.Demo3" name="test" time="0.001"/>
  <system-out>
    <![CDATA[execute test method]]>
  </system-out>
  <testcase classname="testng.Demo3" name="lust" time="0.000"/>
  <system-out>
    <![CDATA[execute lust method]]>
  </system-out>
  <testcase classname="testng.Demo3" name="lust" time="0.001"/>
  <system-out>
    <![CDATA[execute lust method]]>
  </system-out>
  <testcase classname="testng.Demo3" name="lust" time="0.000"/>
  <system-out>
    <![CDATA[execute lust method]]>
  </system-out>
  <testcase classname="testng.Demo3" name="lust" time="0.001"/>
  <system-out>
    <![CDATA[execute lust method]]>
  </system-out>
</testsuite> <!-- testng.Demo3 -->
