<?xml version="1.0" encoding="UTF-8"?>
<!-- Generated by org.testng.reporters.JUnitReportReporter -->
<testsuite hostname="DESKTOP-80O9E3M" failures="0" tests="3" name="testng.Demo1" time="0.015" errors="0" timestamp="2021-06-25T23:26:46 BST" skipped="0">
  <testcase classname="testng.Demo1" name="test2" time="0.001"/>
  <system-out>
    <![CDATA[print in reporter and console]]>
  </system-out>
  <testcase classname="testng.Demo1" name="test" time="0.012"/>
  <system-out/>
  <testcase classname="testng.Demo1" name="test1" time="0.002"/>
  <system-out>
    <![CDATA[print in reporter]]>
  </system-out>
</testsuite> <!-- testng.Demo1 -->
